<?xml version="1.0" encoding="UTF-8"?>
<testng-results ignored="0" total="2" passed="2" failed="0" skipped="0">
  <reporter-output>
    <line>
      <![CDATA[Setting ETO:8]]>
    </line>
    <line>
      <![CDATA[Closing the Browser]]>
    </line>
    <line>
      <![CDATA[Setting ETO:8]]>
    </line>
    <line>
      <![CDATA[Closing the Browser]]>
    </line>
  </reporter-output>
  <suite started-at="2021-12-24T07:56:49 IST" name="Suite" finished-at="2021-12-24T07:57:09 IST" duration-ms="20612">
    <groups>
      <group name="smoke">
        <method signature="ValidLogin.testValidLogin()[pri:1, instance:scripts.ValidLogin@7e276594]" name="testValidLogin" class="scripts.ValidLogin"/>
      </group> <!-- smoke -->
      <group name="login">
        <method signature="InvalidLogin.testInvalidLogin()[pri:2, instance:scripts.InvalidLogin@340da44c]" name="testInvalidLogin" class="scripts.InvalidLogin"/>
      </group> <!-- login -->
    </groups>
    <test started-at="2021-12-24T07:56:49 IST" name="Test" finished-at="2021-12-24T07:57:09 IST" duration-ms="20612">
      <class name="scripts.InvalidLogin">
        <test-method is-config="true" signature="openApp()[pri:0, instance:scripts.InvalidLogin@340da44c]" started-at="2021-12-24T07:56:49 IST" name="openApp" finished-at="2021-12-24T07:56:57 IST" duration-ms="7855" status="PASS">
          <reporter-output>
            <line>
              <![CDATA[Setting ETO:8]]>
            </line>
          </reporter-output>
        </test-method> <!-- openApp -->
        <test-method signature="testInvalidLogin()[pri:2, instance:scripts.InvalidLogin@340da44c]" started-at="2021-12-24T07:56:57 IST" name="testInvalidLogin" finished-at="2021-12-24T07:56:58 IST" duration-ms="1261" status="PASS">
          <reporter-output>
          </reporter-output>
        </test-method> <!-- testInvalidLogin -->
        <test-method is-config="true" signature="closeApp()[pri:0, instance:scripts.InvalidLogin@340da44c]" started-at="2021-12-24T07:56:58 IST" name="closeApp" finished-at="2021-12-24T07:56:58 IST" duration-ms="317" status="PASS">
          <reporter-output>
            <line>
              <![CDATA[Closing the Browser]]>
            </line>
          </reporter-output>
        </test-method> <!-- closeApp -->
      </class> <!-- scripts.InvalidLogin -->
      <class name="scripts.ValidLogin">
        <test-method is-config="true" signature="openApp()[pri:0, instance:scripts.ValidLogin@7e276594]" started-at="2021-12-24T07:56:58 IST" name="openApp" finished-at="2021-12-24T07:57:06 IST" duration-ms="7275" status="PASS">
          <reporter-output>
            <line>
              <![CDATA[Setting ETO:8]]>
            </line>
          </reporter-output>
        </test-method> <!-- openApp -->
        <test-method signature="testValidLogin()[pri:1, instance:scripts.ValidLogin@7e276594]" started-at="2021-12-24T07:57:06 IST" name="testValidLogin" finished-at="2021-12-24T07:57:09 IST" duration-ms="3567" status="PASS">
          <reporter-output>
          </reporter-output>
        </test-method> <!-- testValidLogin -->
        <test-method is-config="true" signature="closeApp()[pri:0, instance:scripts.ValidLogin@7e276594]" started-at="2021-12-24T07:57:09 IST" name="closeApp" finished-at="2021-12-24T07:57:09 IST" duration-ms="306" status="PASS">
          <reporter-output>
            <line>
              <![CDATA[Closing the Browser]]>
            </line>
          </reporter-output>
        </test-method> <!-- closeApp -->
      </class> <!-- scripts.ValidLogin -->
    </test> <!-- Test -->
  </suite> <!-- Suite -->
</testng-results>
